<?xml version="1.0" encoding="UTF-8"?>
<!-- Generated by org.testng.reporters.JUnitReportReporter -->
<testsuite hostname="Suvam" failures="0" tests="1" name="v_TigerWithUtilityAndDDT.TestScript_Functional" time="11.395" errors="0" timestamp="2024-07-13T22:13:05 IST" skipped="0">
  <testcase classname="v_TigerWithUtilityAndDDT.TestScript_Functional" name="testScript_Functional" time="11.395"/>
</testsuite> <!-- v_TigerWithUtilityAndDDT.TestScript_Functional -->
