<?xml version="1.0" encoding="UTF-8"?>
<!-- Generated by org.testng.reporters.JUnitReportReporter -->
<testsuite hostname="Suvam" failures="0" tests="1" name="com.comcast.crm.contacttest.ContactTest" time="17.403" errors="0" timestamp="2024-07-23T13:14:51 IST" skipped="0">
  <testcase classname="com.comcast.crm.contacttest.ContactTest" name="createContact" time="17.403"/>
  <system-out/>
</testsuite> <!-- com.comcast.crm.contacttest.ContactTest -->
