<?xml version="1.0" encoding="UTF-8"?>
<!-- Generated by org.testng.reporters.JUnitReportReporter -->
<testsuite hostname="Suvam" failures="0" tests="1" name="com.comcast.crm.orgtest.CreateOrganizationWithIndustriesTest2" time="14.264" errors="0" timestamp="2024-07-18T09:27:36 IST" skipped="0">
  <testcase classname="com.comcast.crm.orgtest.CreateOrganizationWithIndustriesTest2" name="reateOrganizationWithIndustries" time="14.264"/>
  <system-out/>
</testsuite> <!-- com.comcast.crm.orgtest.CreateOrganizationWithIndustriesTest2 -->
