<?xml version="1.0" encoding="UTF-8"?>
<!-- Generated by org.testng.reporters.JUnitReportReporter -->
<testsuite hostname="Suvam" failures="0" tests="9" name="com.comcast.crm.orgtest.OrganizationTest" time="154.056" errors="0" timestamp="2024-07-18T10:35:44 IST" skipped="0">
  <testcase classname="com.comcast.crm.orgtest.OrganizationTest" name="reateOrganizationWithIndustries" time="18.513"/>
  <system-out/>
  <testcase classname="com.comcast.crm.orgtest.OrganizationTest" name="createOrganizationTest" time="16.846"/>
  <system-out/>
  <testcase classname="com.comcast.crm.orgtest.OrganizationTest" name="CreateOrganizationWithPhoneNo" time="17.402"/>
  <system-out/>
  <testcase classname="com.comcast.crm.orgtest.OrganizationTest" name="reateOrganizationWithIndustries" time="17.761"/>
  <system-out/>
  <testcase classname="com.comcast.crm.orgtest.OrganizationTest" name="createOrganizationTest" time="15.633"/>
  <system-out/>
  <testcase classname="com.comcast.crm.orgtest.OrganizationTest" name="reateOrganizationWithIndustries" time="17.020"/>
  <system-out/>
  <testcase classname="com.comcast.crm.orgtest.OrganizationTest" name="CreateOrganizationWithPhoneNo" time="17.582"/>
  <system-out/>
  <testcase classname="com.comcast.crm.orgtest.OrganizationTest" name="CreateOrganizationWithPhoneNo" time="16.126"/>
  <system-out/>
  <testcase classname="com.comcast.crm.orgtest.OrganizationTest" name="createOrganizationTest" time="17.173"/>
  <system-out/>
</testsuite> <!-- com.comcast.crm.orgtest.OrganizationTest -->
