<?xml version="1.0" encoding="UTF-8"?>
<!-- Generated by org.testng.reporters.JUnitReportReporter -->
<testsuite hostname="Suvam" failures="0" tests="1" name="v_TigerWithUtilityAndDDT.TestScript_Integration_1_withBaseClass" time="21.666" errors="0" timestamp="2024-07-21T22:41:51 IST" skipped="0">
  <testcase classname="v_TigerWithUtilityAndDDT.TestScript_Integration_1_withBaseClass" name="testScript_Functional" time="21.666"/>
  <system-out/>
</testsuite> <!-- v_TigerWithUtilityAndDDT.TestScript_Integration_1_withBaseClass -->
