<?xml version="1.0" encoding="UTF-8"?>
<!-- Generated by org.testng.reporters.JUnitReportReporter -->
<testsuite hostname="Suvam" failures="0" tests="3" name="v_TigerWithUtilityAndDDT.DataProviderAmazonIphone" time="29.362" errors="0" timestamp="2024-07-16T13:16:01 IST" skipped="0">
  <testcase classname="v_TigerWithUtilityAndDDT.DataProviderAmazonIphone" name="getProductInfoTest" time="9.656"/>
  <system-out/>
  <testcase classname="v_TigerWithUtilityAndDDT.DataProviderAmazonIphone" name="getProductInfoTest" time="10.544"/>
  <system-out/>
  <testcase classname="v_TigerWithUtilityAndDDT.DataProviderAmazonIphone" name="getProductInfoTest" time="9.162"/>
  <system-out/>
</testsuite> <!-- v_TigerWithUtilityAndDDT.DataProviderAmazonIphone -->
