<?xml version="1.0" encoding="UTF-8"?>
<!-- Generated by org.testng.reporters.JUnitReportReporter -->
<testsuite hostname="Suvam" failures="0" tests="1" name="v_TigerWithUtilityAndDDT.TestScript_FunctionalWithBaseClass" time="10.496" errors="0" timestamp="2024-07-19T12:38:41 IST" skipped="0">
  <testcase classname="v_TigerWithUtilityAndDDT.TestScript_FunctionalWithBaseClass" name="testScript_Functional" time="10.496"/>
  <system-out/>
</testsuite> <!-- v_TigerWithUtilityAndDDT.TestScript_FunctionalWithBaseClass -->
